<?xml version="1.0" encoding="UTF-8"?>
<testng-results skipped="0" failed="0" total="1" passed="1">
  <reporter-output>
  </reporter-output>
  <suite name="Default suite" duration-ms="4077" started-at="2019-05-09T10:26:19Z" finished-at="2019-05-09T10:26:23Z">
    <groups>
      <group name="cucumber">
        <method signature="TestRunner.feature(cucumber.api.testng.CucumberFeatureWrapper)[pri:0, instance:Test.TestRunner@26be92ad]" name="feature" class="Test.TestRunner"/>
      </group> <!-- cucumber -->
    </groups>
    <test name="Default test" duration-ms="4077" started-at="2019-05-09T10:26:19Z" finished-at="2019-05-09T10:26:23Z">
      <class name="Test.TestRunner">
        <test-method status="PASS" signature="setUpClass()[pri:0, instance:Test.TestRunner@26be92ad]" name="setUpClass" is-config="true" duration-ms="249" started-at="2019-05-09T15:56:19Z" finished-at="2019-05-09T15:56:19Z">
          <reporter-output>
          </reporter-output>
        </test-method> <!-- setUpClass -->
        <test-method status="PASS" signature="feature(cucumber.api.testng.CucumberFeatureWrapper)[pri:0, instance:Test.TestRunner@26be92ad]" name="feature" duration-ms="3371" started-at="2019-05-09T15:56:19Z" description="Runs Cucumber Feature" data-provider="features" finished-at="2019-05-09T15:56:22Z">
          <params>
            <param index="0">
              <value>
                <![CDATA[Using the Backgroung in Feature files]]>
              </value>
            </param>
          </params>
          <reporter-output>
          </reporter-output>
        </test-method> <!-- feature -->
        <test-method status="PASS" signature="tearDownClass()[pri:0, instance:Test.TestRunner@26be92ad]" name="tearDownClass" is-config="true" duration-ms="348" started-at="2019-05-09T15:56:22Z" finished-at="2019-05-09T15:56:23Z">
          <reporter-output>
          </reporter-output>
        </test-method> <!-- tearDownClass -->
        <test-method status="PASS" signature="mailcall()[pri:0, instance:Test.TestRunner@26be92ad]" name="mailcall" is-config="true" duration-ms="3562" started-at="2019-05-09T15:56:23Z" finished-at="2019-05-09T15:56:26Z">
          <reporter-output>
          </reporter-output>
        </test-method> <!-- mailcall -->
      </class> <!-- Test.TestRunner -->
    </test> <!-- Default test -->
  </suite> <!-- Default suite -->
</testng-results>
