<?xml version="1.0" encoding="UTF-8"?>
<testsuite xmlns:xsi="http://www.w3.org/2001/XMLSchema-instance" xsi:schemaLocation="https://maven.apache.org/surefire/maven-surefire-plugin/xsd/surefire-test-report.xsd" name="Test.TestRunner" time="0.779" tests="2" errors="0" skipped="0" failures="2">
  <properties>
[...]
</properties>
  <testcase name="feature" classname="Test.TestRunner" time="0.007">
    <failure message="java.io.FileNotFoundException: target\cucumber-reports\report.json (The system cannot find the path specified)" type="cucumber.runtime.CucumberException">cucumber.runtime.CucumberException: java.io.FileNotFoundException: target\cucumber-reports\report.json (The system cannot find the path specified)
	at Test.TestRunner.feature(TestRunner.java:46)
Caused by: java.io.FileNotFoundException: target\cucumber-reports\report.json (The system cannot find the path specified)
	at Test.TestRunner.feature(TestRunner.java:46)
</failure>
  </testcase>
  <testcase name="tearDownClass" classname="Test.TestRunner" time="0.009">
    <failure type="java.lang.NullPointerException">java.lang.NullPointerException
	at Test.TestRunner.tearDownClass(TestRunner.java:74)
</failure>
  </testcase>
</testsuite>