-------------------------------------------------------------------------------
Test set: Test.TestRunner
-------------------------------------------------------------------------------
Tests run: 2, Failures: 2, Errors: 0, Skipped: 0, Time elapsed: 0.779 sec <<< FAILURE! - in Test.TestRunner
feature(Test.TestRunner)  Time elapsed: 0.007 sec  <<< FAILURE!
cucumber.runtime.CucumberException: java.io.FileNotFoundException: target\cucumber-reports\report.json (The system cannot find the path specified)
	at Test.TestRunner.feature(TestRunner.java:46)
Caused by: java.io.FileNotFoundException: target\cucumber-reports\report.json (The system cannot find the path specified)
	at Test.TestRunner.feature(TestRunner.java:46)

tearDownClass(Test.TestRunner)  Time elapsed: 0.009 sec  <<< FAILURE!
java.lang.NullPointerException
	at Test.TestRunner.tearDownClass(TestRunner.java:74)

